2018-09-24 15:10:28.903950: I tensorflow/core/platform/cpu_feature_guard.cc:137] Your CPU supports instructions that this TensorFlow binary was not compiled to use: SSE4.1 SSE4.2 AVX
2018-09-24 15:10:28.958222: I tensorflow/stream_executor/cuda/cuda_gpu_executor.cc:892] successful NUMA node read from SysFS had negative value (-1), but there must be at least one NUMA node, so returning NUMA node zero
2018-09-24 15:10:28.958502: I tensorflow/core/common_runtime/gpu/gpu_device.cc:1030] Found device 0 with properties: 
name: GRID K520 major: 3 minor: 0 memoryClockRate(GHz): 0.797
pciBusID: 0000:00:03.0
totalMemory: 3.94GiB freeMemory: 3.88GiB
2018-09-24 15:10:28.958531: I tensorflow/core/common_runtime/gpu/gpu_device.cc:1120] Creating TensorFlow device (/device:GPU:0) -> (device: 0, name: GRID K520, pci bus id: 0000:00:03.0, compute capability: 3.0)
2018-09-24 15:13:15.014921: I tensorflow/core/platform/cpu_feature_guard.cc:137] Your CPU supports instructions that this TensorFlow binary was not compiled to use: SSE4.1 SSE4.2 AVX
2018-09-24 15:13:15.069448: I tensorflow/stream_executor/cuda/cuda_gpu_executor.cc:892] successful NUMA node read from SysFS had negative value (-1), but there must be at least one NUMA node, so returning NUMA node zero
2018-09-24 15:13:15.069714: I tensorflow/core/common_runtime/gpu/gpu_device.cc:1030] Found device 0 with properties: 
name: GRID K520 major: 3 minor: 0 memoryClockRate(GHz): 0.797
pciBusID: 0000:00:03.0
totalMemory: 3.94GiB freeMemory: 3.88GiB
2018-09-24 15:13:15.069744: I tensorflow/core/common_runtime/gpu/gpu_device.cc:1120] Creating TensorFlow device (/device:GPU:0) -> (device: 0, name: GRID K520, pci bus id: 0000:00:03.0, compute capability: 3.0)
Using TensorFlow backend.
Episode: 10, Reward: -100, Q_max: 0.3375, eps: 0.9913
Episode: 20, Reward: -99, Q_max: 0.4743, eps: 0.9792
Episode: 30, Reward: -98, Q_max: 0.6688, eps: 0.9674
Episode: 40, Reward: -99, Q_max: 0.4885, eps: 0.9568
Episode: 50, Reward: -99, Q_max: 0.5944, eps: 0.9481
Episode: 60, Reward: -99, Q_max: 0.6072, eps: 0.9383
Traceback (most recent call last):
  File "main_02.py", line 169, in <module>
    train(batch_size)
  File "main_02.py", line 140, in train
    return model.fit(batch['state'], t, epochs=1, verbose=0)
  File "/usr/local/lib/python3.5/dist-packages/keras/models.py", line 960, in fit
    validation_steps=validation_steps)
  File "/usr/local/lib/python3.5/dist-packages/keras/engine/training.py", line 1657, in fit
    validation_steps=validation_steps)
  File "/usr/local/lib/python3.5/dist-packages/keras/engine/training.py", line 1213, in _fit_loop
    outs = f(ins_batch)
  File "/usr/local/lib/python3.5/dist-packages/keras/backend/tensorflow_backend.py", line 2357, in __call__
    **self.session_kwargs)
  File "/usr/local/lib/python3.5/dist-packages/tensorflow/python/client/session.py", line 889, in run
    run_metadata_ptr)
  File "/usr/local/lib/python3.5/dist-packages/tensorflow/python/client/session.py", line 1120, in _run
    feed_dict_tensor, options, run_metadata)
  File "/usr/local/lib/python3.5/dist-packages/tensorflow/python/client/session.py", line 1317, in _do_run
    options, run_metadata)
  File "/usr/local/lib/python3.5/dist-packages/tensorflow/python/client/session.py", line 1323, in _do_call
    return fn(*args)
  File "/usr/local/lib/python3.5/dist-packages/tensorflow/python/client/session.py", line 1302, in _run_fn
    status, run_metadata)
KeyboardInterrupt
